[2019-11-05 23:11:55,140] TRACE [Controller id=0 epoch=64] Sending UpdateMetadata request PartitionState(controllerEpoch=1, leader=0, leaderEpoch=0, isr=[0], zkVersion=0, replicas=[0], offlineReplicas=[]) to brokers Set(0) for partition signup_topic-0 (state.change.logger)
[2019-11-05 23:11:55,148] TRACE [Controller id=0 epoch=64] Sending UpdateMetadata request PartitionState(controllerEpoch=58, leader=0, leaderEpoch=0, isr=[0], zkVersion=0, replicas=[0], offlineReplicas=[]) to brokers Set(0) for partition login_topic-0 (state.change.logger)
[2019-11-05 23:11:55,148] TRACE [Controller id=0 epoch=64] Sending UpdateMetadata request PartitionState(controllerEpoch=63, leader=0, leaderEpoch=0, isr=[0], zkVersion=0, replicas=[0], offlineReplicas=[]) to brokers Set(0) for partition pastOrder_topic-0 (state.change.logger)
[2019-11-05 23:11:55,148] TRACE [Controller id=0 epoch=64] Sending UpdateMetadata request PartitionState(controllerEpoch=1, leader=0, leaderEpoch=0, isr=[0], zkVersion=0, replicas=[0], offlineReplicas=[]) to brokers Set(0) for partition response_topic-0 (state.change.logger)
[2019-11-05 23:11:55,171] TRACE [Controller id=0 epoch=64] Changed state of replica 0 for partition signup_topic-0 from OnlineReplica to OnlineReplica (state.change.logger)
[2019-11-05 23:11:55,171] TRACE [Controller id=0 epoch=64] Changed state of replica 0 for partition login_topic-0 from OnlineReplica to OnlineReplica (state.change.logger)
[2019-11-05 23:11:55,171] TRACE [Controller id=0 epoch=64] Changed state of replica 0 for partition pastOrder_topic-0 from OnlineReplica to OnlineReplica (state.change.logger)
[2019-11-05 23:11:55,172] TRACE [Controller id=0 epoch=64] Changed state of replica 0 for partition response_topic-0 from OnlineReplica to OnlineReplica (state.change.logger)
[2019-11-05 23:11:55,172] TRACE [Controller id=0 epoch=64] Sending become-leader LeaderAndIsr request PartitionState(controllerEpoch=1, leader=0, leaderEpoch=0, isr=0, zkVersion=0, replicas=0, isNew=false) to broker 0 for partition signup_topic-0 (state.change.logger)
[2019-11-05 23:11:55,172] TRACE [Controller id=0 epoch=64] Sending become-leader LeaderAndIsr request PartitionState(controllerEpoch=58, leader=0, leaderEpoch=0, isr=0, zkVersion=0, replicas=0, isNew=false) to broker 0 for partition login_topic-0 (state.change.logger)
[2019-11-05 23:11:55,172] TRACE [Controller id=0 epoch=64] Sending become-leader LeaderAndIsr request PartitionState(controllerEpoch=63, leader=0, leaderEpoch=0, isr=0, zkVersion=0, replicas=0, isNew=false) to broker 0 for partition pastOrder_topic-0 (state.change.logger)
[2019-11-05 23:11:55,172] TRACE [Controller id=0 epoch=64] Sending become-leader LeaderAndIsr request PartitionState(controllerEpoch=1, leader=0, leaderEpoch=0, isr=0, zkVersion=0, replicas=0, isNew=false) to broker 0 for partition response_topic-0 (state.change.logger)
[2019-11-05 23:11:55,173] TRACE [Controller id=0 epoch=64] Sending UpdateMetadata request PartitionState(controllerEpoch=1, leader=0, leaderEpoch=0, isr=[0], zkVersion=0, replicas=[0], offlineReplicas=[]) to brokers Set(0) for partition signup_topic-0 (state.change.logger)
[2019-11-05 23:11:55,173] TRACE [Controller id=0 epoch=64] Sending UpdateMetadata request PartitionState(controllerEpoch=58, leader=0, leaderEpoch=0, isr=[0], zkVersion=0, replicas=[0], offlineReplicas=[]) to brokers Set(0) for partition login_topic-0 (state.change.logger)
[2019-11-05 23:11:55,173] TRACE [Controller id=0 epoch=64] Sending UpdateMetadata request PartitionState(controllerEpoch=63, leader=0, leaderEpoch=0, isr=[0], zkVersion=0, replicas=[0], offlineReplicas=[]) to brokers Set(0) for partition pastOrder_topic-0 (state.change.logger)
[2019-11-05 23:11:55,173] TRACE [Controller id=0 epoch=64] Sending UpdateMetadata request PartitionState(controllerEpoch=1, leader=0, leaderEpoch=0, isr=[0], zkVersion=0, replicas=[0], offlineReplicas=[]) to brokers Set(0) for partition response_topic-0 (state.change.logger)
[2019-11-05 23:12:04,685] TRACE [Broker id=0] Cached leader info PartitionState(controllerEpoch=58, leader=0, leaderEpoch=0, isr=[0], zkVersion=0, replicas=[0], offlineReplicas=[]) for partition login_topic-0 in response to UpdateMetadata request sent by controller 0 epoch 64 with correlation id 0 (state.change.logger)
[2019-11-05 23:12:04,687] TRACE [Broker id=0] Cached leader info PartitionState(controllerEpoch=1, leader=0, leaderEpoch=0, isr=[0], zkVersion=0, replicas=[0], offlineReplicas=[]) for partition response_topic-0 in response to UpdateMetadata request sent by controller 0 epoch 64 with correlation id 0 (state.change.logger)
[2019-11-05 23:12:04,688] TRACE [Broker id=0] Cached leader info PartitionState(controllerEpoch=63, leader=0, leaderEpoch=0, isr=[0], zkVersion=0, replicas=[0], offlineReplicas=[]) for partition pastOrder_topic-0 in response to UpdateMetadata request sent by controller 0 epoch 64 with correlation id 0 (state.change.logger)
[2019-11-05 23:12:04,688] TRACE [Broker id=0] Cached leader info PartitionState(controllerEpoch=1, leader=0, leaderEpoch=0, isr=[0], zkVersion=0, replicas=[0], offlineReplicas=[]) for partition signup_topic-0 in response to UpdateMetadata request sent by controller 0 epoch 64 with correlation id 0 (state.change.logger)
[2019-11-05 23:12:04,693] TRACE [Controller id=0 epoch=64] Received response {error_code=0} for request UPDATE_METADATA with correlation id 0 sent to broker 10.250.111.117:9092 (id: 0 rack: null) (state.change.logger)
[2019-11-05 23:12:04,698] TRACE [Broker id=0] Received LeaderAndIsr request PartitionState(controllerEpoch=58, leader=0, leaderEpoch=0, isr=0, zkVersion=0, replicas=0, isNew=false) correlation id 1 from controller 0 epoch 64 for partition login_topic-0 (state.change.logger)
[2019-11-05 23:12:04,698] TRACE [Broker id=0] Received LeaderAndIsr request PartitionState(controllerEpoch=1, leader=0, leaderEpoch=0, isr=0, zkVersion=0, replicas=0, isNew=false) correlation id 1 from controller 0 epoch 64 for partition response_topic-0 (state.change.logger)
[2019-11-05 23:12:04,699] TRACE [Broker id=0] Received LeaderAndIsr request PartitionState(controllerEpoch=63, leader=0, leaderEpoch=0, isr=0, zkVersion=0, replicas=0, isNew=false) correlation id 1 from controller 0 epoch 64 for partition pastOrder_topic-0 (state.change.logger)
[2019-11-05 23:12:04,699] TRACE [Broker id=0] Received LeaderAndIsr request PartitionState(controllerEpoch=1, leader=0, leaderEpoch=0, isr=0, zkVersion=0, replicas=0, isNew=false) correlation id 1 from controller 0 epoch 64 for partition signup_topic-0 (state.change.logger)
[2019-11-05 23:12:04,708] WARN [Broker id=0] Ignoring LeaderAndIsr request from controller 0 with correlation id 1 epoch 64 for partition login_topic-0 since its associated leader epoch 0 is not higher than the current leader epoch 0 (state.change.logger)
[2019-11-05 23:12:04,709] WARN [Broker id=0] Ignoring LeaderAndIsr request from controller 0 with correlation id 1 epoch 64 for partition response_topic-0 since its associated leader epoch 0 is not higher than the current leader epoch 0 (state.change.logger)
[2019-11-05 23:12:04,710] WARN [Broker id=0] Ignoring LeaderAndIsr request from controller 0 with correlation id 1 epoch 64 for partition pastOrder_topic-0 since its associated leader epoch 0 is not higher than the current leader epoch 0 (state.change.logger)
[2019-11-05 23:12:04,710] WARN [Broker id=0] Ignoring LeaderAndIsr request from controller 0 with correlation id 1 epoch 64 for partition signup_topic-0 since its associated leader epoch 0 is not higher than the current leader epoch 0 (state.change.logger)
[2019-11-05 23:12:04,719] TRACE [Controller id=0 epoch=64] Received response {error_code=0,partitions=[{topic=login_topic,partition=0,error_code=11},{topic=response_topic,partition=0,error_code=11},{topic=pastOrder_topic,partition=0,error_code=11},{topic=signup_topic,partition=0,error_code=11}]} for request LEADER_AND_ISR with correlation id 1 sent to broker 10.250.111.117:9092 (id: 0 rack: null) (state.change.logger)
[2019-11-05 23:12:04,723] TRACE [Broker id=0] Cached leader info PartitionState(controllerEpoch=58, leader=0, leaderEpoch=0, isr=[0], zkVersion=0, replicas=[0], offlineReplicas=[]) for partition login_topic-0 in response to UpdateMetadata request sent by controller 0 epoch 64 with correlation id 2 (state.change.logger)
[2019-11-05 23:12:04,724] TRACE [Broker id=0] Cached leader info PartitionState(controllerEpoch=1, leader=0, leaderEpoch=0, isr=[0], zkVersion=0, replicas=[0], offlineReplicas=[]) for partition response_topic-0 in response to UpdateMetadata request sent by controller 0 epoch 64 with correlation id 2 (state.change.logger)
[2019-11-05 23:12:04,724] TRACE [Broker id=0] Cached leader info PartitionState(controllerEpoch=63, leader=0, leaderEpoch=0, isr=[0], zkVersion=0, replicas=[0], offlineReplicas=[]) for partition pastOrder_topic-0 in response to UpdateMetadata request sent by controller 0 epoch 64 with correlation id 2 (state.change.logger)
[2019-11-05 23:12:04,724] TRACE [Broker id=0] Cached leader info PartitionState(controllerEpoch=1, leader=0, leaderEpoch=0, isr=[0], zkVersion=0, replicas=[0], offlineReplicas=[]) for partition signup_topic-0 in response to UpdateMetadata request sent by controller 0 epoch 64 with correlation id 2 (state.change.logger)
[2019-11-05 23:12:04,726] TRACE [Controller id=0 epoch=64] Received response {error_code=0} for request UPDATE_METADATA with correlation id 2 sent to broker 10.250.111.117:9092 (id: 0 rack: null) (state.change.logger)
[2019-11-05 23:18:28,224] TRACE [Controller id=0 epoch=65] Sending UpdateMetadata request PartitionState(controllerEpoch=1, leader=0, leaderEpoch=0, isr=[0], zkVersion=0, replicas=[0], offlineReplicas=[]) to brokers Set(0) for partition signup_topic-0 (state.change.logger)
[2019-11-05 23:18:28,224] TRACE [Controller id=0 epoch=65] Sending UpdateMetadata request PartitionState(controllerEpoch=58, leader=0, leaderEpoch=0, isr=[0], zkVersion=0, replicas=[0], offlineReplicas=[]) to brokers Set(0) for partition login_topic-0 (state.change.logger)
[2019-11-05 23:18:28,224] TRACE [Controller id=0 epoch=65] Sending UpdateMetadata request PartitionState(controllerEpoch=63, leader=0, leaderEpoch=0, isr=[0], zkVersion=0, replicas=[0], offlineReplicas=[]) to brokers Set(0) for partition pastOrder_topic-0 (state.change.logger)
[2019-11-05 23:18:28,225] TRACE [Controller id=0 epoch=65] Sending UpdateMetadata request PartitionState(controllerEpoch=1, leader=0, leaderEpoch=0, isr=[0], zkVersion=0, replicas=[0], offlineReplicas=[]) to brokers Set(0) for partition response_topic-0 (state.change.logger)
[2019-11-05 23:18:28,225] TRACE [Controller id=0 epoch=65] Changed state of replica 0 for partition signup_topic-0 from OnlineReplica to OnlineReplica (state.change.logger)
[2019-11-05 23:18:28,225] TRACE [Controller id=0 epoch=65] Changed state of replica 0 for partition login_topic-0 from OnlineReplica to OnlineReplica (state.change.logger)
[2019-11-05 23:18:28,225] TRACE [Controller id=0 epoch=65] Changed state of replica 0 for partition pastOrder_topic-0 from OnlineReplica to OnlineReplica (state.change.logger)
[2019-11-05 23:18:28,225] TRACE [Controller id=0 epoch=65] Changed state of replica 0 for partition response_topic-0 from OnlineReplica to OnlineReplica (state.change.logger)
[2019-11-05 23:18:28,225] TRACE [Controller id=0 epoch=65] Sending become-leader LeaderAndIsr request PartitionState(controllerEpoch=1, leader=0, leaderEpoch=0, isr=0, zkVersion=0, replicas=0, isNew=false) to broker 0 for partition signup_topic-0 (state.change.logger)
[2019-11-05 23:18:28,225] TRACE [Controller id=0 epoch=65] Sending become-leader LeaderAndIsr request PartitionState(controllerEpoch=58, leader=0, leaderEpoch=0, isr=0, zkVersion=0, replicas=0, isNew=false) to broker 0 for partition login_topic-0 (state.change.logger)
[2019-11-05 23:18:28,226] TRACE [Controller id=0 epoch=65] Sending become-leader LeaderAndIsr request PartitionState(controllerEpoch=63, leader=0, leaderEpoch=0, isr=0, zkVersion=0, replicas=0, isNew=false) to broker 0 for partition pastOrder_topic-0 (state.change.logger)
[2019-11-05 23:18:28,226] TRACE [Controller id=0 epoch=65] Sending become-leader LeaderAndIsr request PartitionState(controllerEpoch=1, leader=0, leaderEpoch=0, isr=0, zkVersion=0, replicas=0, isNew=false) to broker 0 for partition response_topic-0 (state.change.logger)
[2019-11-05 23:18:28,226] TRACE [Controller id=0 epoch=65] Sending UpdateMetadata request PartitionState(controllerEpoch=1, leader=0, leaderEpoch=0, isr=[0], zkVersion=0, replicas=[0], offlineReplicas=[]) to brokers Set(0) for partition signup_topic-0 (state.change.logger)
[2019-11-05 23:18:28,226] TRACE [Controller id=0 epoch=65] Sending UpdateMetadata request PartitionState(controllerEpoch=58, leader=0, leaderEpoch=0, isr=[0], zkVersion=0, replicas=[0], offlineReplicas=[]) to brokers Set(0) for partition login_topic-0 (state.change.logger)
[2019-11-05 23:18:28,226] TRACE [Controller id=0 epoch=65] Sending UpdateMetadata request PartitionState(controllerEpoch=63, leader=0, leaderEpoch=0, isr=[0], zkVersion=0, replicas=[0], offlineReplicas=[]) to brokers Set(0) for partition pastOrder_topic-0 (state.change.logger)
[2019-11-05 23:18:28,226] TRACE [Controller id=0 epoch=65] Sending UpdateMetadata request PartitionState(controllerEpoch=1, leader=0, leaderEpoch=0, isr=[0], zkVersion=0, replicas=[0], offlineReplicas=[]) to brokers Set(0) for partition response_topic-0 (state.change.logger)
[2019-11-05 23:23:57,301] TRACE [Controller id=0 epoch=66] Sending UpdateMetadata request PartitionState(controllerEpoch=1, leader=0, leaderEpoch=0, isr=[0], zkVersion=0, replicas=[0], offlineReplicas=[]) to brokers Set(0) for partition signup_topic-0 (state.change.logger)
[2019-11-05 23:23:57,301] TRACE [Controller id=0 epoch=66] Sending UpdateMetadata request PartitionState(controllerEpoch=58, leader=0, leaderEpoch=0, isr=[0], zkVersion=0, replicas=[0], offlineReplicas=[]) to brokers Set(0) for partition login_topic-0 (state.change.logger)
[2019-11-05 23:23:57,301] TRACE [Controller id=0 epoch=66] Sending UpdateMetadata request PartitionState(controllerEpoch=63, leader=0, leaderEpoch=0, isr=[0], zkVersion=0, replicas=[0], offlineReplicas=[]) to brokers Set(0) for partition pastOrder_topic-0 (state.change.logger)
[2019-11-05 23:23:57,301] TRACE [Controller id=0 epoch=66] Sending UpdateMetadata request PartitionState(controllerEpoch=1, leader=0, leaderEpoch=0, isr=[0], zkVersion=0, replicas=[0], offlineReplicas=[]) to brokers Set(0) for partition response_topic-0 (state.change.logger)
[2019-11-05 23:23:57,302] TRACE [Controller id=0 epoch=66] Changed state of replica 0 for partition signup_topic-0 from OnlineReplica to OnlineReplica (state.change.logger)
[2019-11-05 23:23:57,303] TRACE [Controller id=0 epoch=66] Changed state of replica 0 for partition login_topic-0 from OnlineReplica to OnlineReplica (state.change.logger)
[2019-11-05 23:23:57,303] TRACE [Controller id=0 epoch=66] Changed state of replica 0 for partition pastOrder_topic-0 from OnlineReplica to OnlineReplica (state.change.logger)
[2019-11-05 23:23:57,303] TRACE [Controller id=0 epoch=66] Changed state of replica 0 for partition response_topic-0 from OnlineReplica to OnlineReplica (state.change.logger)
[2019-11-05 23:23:57,303] TRACE [Controller id=0 epoch=66] Sending become-leader LeaderAndIsr request PartitionState(controllerEpoch=1, leader=0, leaderEpoch=0, isr=0, zkVersion=0, replicas=0, isNew=false) to broker 0 for partition signup_topic-0 (state.change.logger)
[2019-11-05 23:23:57,303] TRACE [Controller id=0 epoch=66] Sending become-leader LeaderAndIsr request PartitionState(controllerEpoch=58, leader=0, leaderEpoch=0, isr=0, zkVersion=0, replicas=0, isNew=false) to broker 0 for partition login_topic-0 (state.change.logger)
[2019-11-05 23:23:57,303] TRACE [Controller id=0 epoch=66] Sending become-leader LeaderAndIsr request PartitionState(controllerEpoch=63, leader=0, leaderEpoch=0, isr=0, zkVersion=0, replicas=0, isNew=false) to broker 0 for partition pastOrder_topic-0 (state.change.logger)
[2019-11-05 23:23:57,303] TRACE [Controller id=0 epoch=66] Sending become-leader LeaderAndIsr request PartitionState(controllerEpoch=1, leader=0, leaderEpoch=0, isr=0, zkVersion=0, replicas=0, isNew=false) to broker 0 for partition response_topic-0 (state.change.logger)
[2019-11-05 23:23:57,304] TRACE [Controller id=0 epoch=66] Sending UpdateMetadata request PartitionState(controllerEpoch=1, leader=0, leaderEpoch=0, isr=[0], zkVersion=0, replicas=[0], offlineReplicas=[]) to brokers Set(0) for partition signup_topic-0 (state.change.logger)
[2019-11-05 23:23:57,304] TRACE [Controller id=0 epoch=66] Sending UpdateMetadata request PartitionState(controllerEpoch=58, leader=0, leaderEpoch=0, isr=[0], zkVersion=0, replicas=[0], offlineReplicas=[]) to brokers Set(0) for partition login_topic-0 (state.change.logger)
[2019-11-05 23:23:57,304] TRACE [Controller id=0 epoch=66] Sending UpdateMetadata request PartitionState(controllerEpoch=63, leader=0, leaderEpoch=0, isr=[0], zkVersion=0, replicas=[0], offlineReplicas=[]) to brokers Set(0) for partition pastOrder_topic-0 (state.change.logger)
[2019-11-05 23:23:57,304] TRACE [Controller id=0 epoch=66] Sending UpdateMetadata request PartitionState(controllerEpoch=1, leader=0, leaderEpoch=0, isr=[0], zkVersion=0, replicas=[0], offlineReplicas=[]) to brokers Set(0) for partition response_topic-0 (state.change.logger)
[2019-11-05 23:24:03,078] TRACE [Broker id=0] Cached leader info PartitionState(controllerEpoch=58, leader=0, leaderEpoch=0, isr=[0], zkVersion=0, replicas=[0], offlineReplicas=[]) for partition login_topic-0 in response to UpdateMetadata request sent by controller 0 epoch 66 with correlation id 0 (state.change.logger)
[2019-11-05 23:24:03,078] TRACE [Broker id=0] Cached leader info PartitionState(controllerEpoch=1, leader=0, leaderEpoch=0, isr=[0], zkVersion=0, replicas=[0], offlineReplicas=[]) for partition response_topic-0 in response to UpdateMetadata request sent by controller 0 epoch 66 with correlation id 0 (state.change.logger)
[2019-11-05 23:24:03,078] TRACE [Broker id=0] Cached leader info PartitionState(controllerEpoch=63, leader=0, leaderEpoch=0, isr=[0], zkVersion=0, replicas=[0], offlineReplicas=[]) for partition pastOrder_topic-0 in response to UpdateMetadata request sent by controller 0 epoch 66 with correlation id 0 (state.change.logger)
[2019-11-05 23:24:03,078] TRACE [Broker id=0] Cached leader info PartitionState(controllerEpoch=1, leader=0, leaderEpoch=0, isr=[0], zkVersion=0, replicas=[0], offlineReplicas=[]) for partition signup_topic-0 in response to UpdateMetadata request sent by controller 0 epoch 66 with correlation id 0 (state.change.logger)
[2019-11-05 23:24:03,079] TRACE [Controller id=0 epoch=66] Received response {error_code=0} for request UPDATE_METADATA with correlation id 0 sent to broker 10.250.111.117:9092 (id: 0 rack: null) (state.change.logger)
[2019-11-05 23:24:03,080] TRACE [Broker id=0] Received LeaderAndIsr request PartitionState(controllerEpoch=58, leader=0, leaderEpoch=0, isr=0, zkVersion=0, replicas=0, isNew=false) correlation id 1 from controller 0 epoch 66 for partition login_topic-0 (state.change.logger)
[2019-11-05 23:24:03,080] TRACE [Broker id=0] Received LeaderAndIsr request PartitionState(controllerEpoch=1, leader=0, leaderEpoch=0, isr=0, zkVersion=0, replicas=0, isNew=false) correlation id 1 from controller 0 epoch 66 for partition response_topic-0 (state.change.logger)
[2019-11-05 23:24:03,080] TRACE [Broker id=0] Received LeaderAndIsr request PartitionState(controllerEpoch=63, leader=0, leaderEpoch=0, isr=0, zkVersion=0, replicas=0, isNew=false) correlation id 1 from controller 0 epoch 66 for partition pastOrder_topic-0 (state.change.logger)
[2019-11-05 23:24:03,080] TRACE [Broker id=0] Received LeaderAndIsr request PartitionState(controllerEpoch=1, leader=0, leaderEpoch=0, isr=0, zkVersion=0, replicas=0, isNew=false) correlation id 1 from controller 0 epoch 66 for partition signup_topic-0 (state.change.logger)
[2019-11-05 23:24:03,080] WARN [Broker id=0] Ignoring LeaderAndIsr request from controller 0 with correlation id 1 epoch 66 for partition login_topic-0 since its associated leader epoch 0 is not higher than the current leader epoch 0 (state.change.logger)
[2019-11-05 23:24:03,080] WARN [Broker id=0] Ignoring LeaderAndIsr request from controller 0 with correlation id 1 epoch 66 for partition response_topic-0 since its associated leader epoch 0 is not higher than the current leader epoch 0 (state.change.logger)
[2019-11-05 23:24:03,081] WARN [Broker id=0] Ignoring LeaderAndIsr request from controller 0 with correlation id 1 epoch 66 for partition pastOrder_topic-0 since its associated leader epoch 0 is not higher than the current leader epoch 0 (state.change.logger)
[2019-11-05 23:24:03,081] WARN [Broker id=0] Ignoring LeaderAndIsr request from controller 0 with correlation id 1 epoch 66 for partition signup_topic-0 since its associated leader epoch 0 is not higher than the current leader epoch 0 (state.change.logger)
[2019-11-05 23:24:03,082] TRACE [Controller id=0 epoch=66] Received response {error_code=0,partitions=[{topic=login_topic,partition=0,error_code=11},{topic=response_topic,partition=0,error_code=11},{topic=pastOrder_topic,partition=0,error_code=11},{topic=signup_topic,partition=0,error_code=11}]} for request LEADER_AND_ISR with correlation id 1 sent to broker 10.250.111.117:9092 (id: 0 rack: null) (state.change.logger)
[2019-11-05 23:24:03,084] TRACE [Broker id=0] Cached leader info PartitionState(controllerEpoch=58, leader=0, leaderEpoch=0, isr=[0], zkVersion=0, replicas=[0], offlineReplicas=[]) for partition login_topic-0 in response to UpdateMetadata request sent by controller 0 epoch 66 with correlation id 2 (state.change.logger)
[2019-11-05 23:24:03,084] TRACE [Broker id=0] Cached leader info PartitionState(controllerEpoch=1, leader=0, leaderEpoch=0, isr=[0], zkVersion=0, replicas=[0], offlineReplicas=[]) for partition response_topic-0 in response to UpdateMetadata request sent by controller 0 epoch 66 with correlation id 2 (state.change.logger)
[2019-11-05 23:24:03,084] TRACE [Broker id=0] Cached leader info PartitionState(controllerEpoch=63, leader=0, leaderEpoch=0, isr=[0], zkVersion=0, replicas=[0], offlineReplicas=[]) for partition pastOrder_topic-0 in response to UpdateMetadata request sent by controller 0 epoch 66 with correlation id 2 (state.change.logger)
[2019-11-05 23:24:03,084] TRACE [Broker id=0] Cached leader info PartitionState(controllerEpoch=1, leader=0, leaderEpoch=0, isr=[0], zkVersion=0, replicas=[0], offlineReplicas=[]) for partition signup_topic-0 in response to UpdateMetadata request sent by controller 0 epoch 66 with correlation id 2 (state.change.logger)
[2019-11-05 23:24:03,085] TRACE [Controller id=0 epoch=66] Received response {error_code=0} for request UPDATE_METADATA with correlation id 2 sent to broker 10.250.111.117:9092 (id: 0 rack: null) (state.change.logger)
[2019-11-05 23:34:57,166] TRACE [Controller id=0 epoch=67] Sending UpdateMetadata request PartitionState(controllerEpoch=1, leader=0, leaderEpoch=0, isr=[0], zkVersion=0, replicas=[0], offlineReplicas=[]) to brokers Set(0) for partition signup_topic-0 (state.change.logger)
[2019-11-05 23:34:57,167] TRACE [Controller id=0 epoch=67] Sending UpdateMetadata request PartitionState(controllerEpoch=58, leader=0, leaderEpoch=0, isr=[0], zkVersion=0, replicas=[0], offlineReplicas=[]) to brokers Set(0) for partition login_topic-0 (state.change.logger)
[2019-11-05 23:34:57,167] TRACE [Controller id=0 epoch=67] Sending UpdateMetadata request PartitionState(controllerEpoch=63, leader=0, leaderEpoch=0, isr=[0], zkVersion=0, replicas=[0], offlineReplicas=[]) to brokers Set(0) for partition pastOrder_topic-0 (state.change.logger)
[2019-11-05 23:34:57,167] TRACE [Controller id=0 epoch=67] Sending UpdateMetadata request PartitionState(controllerEpoch=1, leader=0, leaderEpoch=0, isr=[0], zkVersion=0, replicas=[0], offlineReplicas=[]) to brokers Set(0) for partition response_topic-0 (state.change.logger)
[2019-11-05 23:34:57,168] TRACE [Controller id=0 epoch=67] Changed state of replica 0 for partition signup_topic-0 from OnlineReplica to OnlineReplica (state.change.logger)
[2019-11-05 23:34:57,169] TRACE [Controller id=0 epoch=67] Changed state of replica 0 for partition login_topic-0 from OnlineReplica to OnlineReplica (state.change.logger)
[2019-11-05 23:34:57,169] TRACE [Controller id=0 epoch=67] Changed state of replica 0 for partition pastOrder_topic-0 from OnlineReplica to OnlineReplica (state.change.logger)
[2019-11-05 23:34:57,169] TRACE [Controller id=0 epoch=67] Changed state of replica 0 for partition response_topic-0 from OnlineReplica to OnlineReplica (state.change.logger)
[2019-11-05 23:34:57,169] TRACE [Controller id=0 epoch=67] Sending become-leader LeaderAndIsr request PartitionState(controllerEpoch=1, leader=0, leaderEpoch=0, isr=0, zkVersion=0, replicas=0, isNew=false) to broker 0 for partition signup_topic-0 (state.change.logger)
[2019-11-05 23:34:57,169] TRACE [Controller id=0 epoch=67] Sending become-leader LeaderAndIsr request PartitionState(controllerEpoch=58, leader=0, leaderEpoch=0, isr=0, zkVersion=0, replicas=0, isNew=false) to broker 0 for partition login_topic-0 (state.change.logger)
[2019-11-05 23:34:57,169] TRACE [Controller id=0 epoch=67] Sending become-leader LeaderAndIsr request PartitionState(controllerEpoch=63, leader=0, leaderEpoch=0, isr=0, zkVersion=0, replicas=0, isNew=false) to broker 0 for partition pastOrder_topic-0 (state.change.logger)
[2019-11-05 23:34:57,169] TRACE [Controller id=0 epoch=67] Sending become-leader LeaderAndIsr request PartitionState(controllerEpoch=1, leader=0, leaderEpoch=0, isr=0, zkVersion=0, replicas=0, isNew=false) to broker 0 for partition response_topic-0 (state.change.logger)
[2019-11-05 23:34:57,169] TRACE [Controller id=0 epoch=67] Sending UpdateMetadata request PartitionState(controllerEpoch=1, leader=0, leaderEpoch=0, isr=[0], zkVersion=0, replicas=[0], offlineReplicas=[]) to brokers Set(0) for partition signup_topic-0 (state.change.logger)
[2019-11-05 23:34:57,170] TRACE [Controller id=0 epoch=67] Sending UpdateMetadata request PartitionState(controllerEpoch=58, leader=0, leaderEpoch=0, isr=[0], zkVersion=0, replicas=[0], offlineReplicas=[]) to brokers Set(0) for partition login_topic-0 (state.change.logger)
[2019-11-05 23:34:57,170] TRACE [Controller id=0 epoch=67] Sending UpdateMetadata request PartitionState(controllerEpoch=63, leader=0, leaderEpoch=0, isr=[0], zkVersion=0, replicas=[0], offlineReplicas=[]) to brokers Set(0) for partition pastOrder_topic-0 (state.change.logger)
[2019-11-05 23:34:57,170] TRACE [Controller id=0 epoch=67] Sending UpdateMetadata request PartitionState(controllerEpoch=1, leader=0, leaderEpoch=0, isr=[0], zkVersion=0, replicas=[0], offlineReplicas=[]) to brokers Set(0) for partition response_topic-0 (state.change.logger)
[2019-11-05 23:35:56,435] TRACE [Controller id=0 epoch=68] Sending UpdateMetadata request PartitionState(controllerEpoch=1, leader=0, leaderEpoch=0, isr=[0], zkVersion=0, replicas=[0], offlineReplicas=[]) to brokers Set(0) for partition signup_topic-0 (state.change.logger)
[2019-11-05 23:35:56,435] TRACE [Controller id=0 epoch=68] Sending UpdateMetadata request PartitionState(controllerEpoch=58, leader=0, leaderEpoch=0, isr=[0], zkVersion=0, replicas=[0], offlineReplicas=[]) to brokers Set(0) for partition login_topic-0 (state.change.logger)
[2019-11-05 23:35:56,435] TRACE [Controller id=0 epoch=68] Sending UpdateMetadata request PartitionState(controllerEpoch=63, leader=0, leaderEpoch=0, isr=[0], zkVersion=0, replicas=[0], offlineReplicas=[]) to brokers Set(0) for partition pastOrder_topic-0 (state.change.logger)
[2019-11-05 23:35:56,436] TRACE [Controller id=0 epoch=68] Sending UpdateMetadata request PartitionState(controllerEpoch=1, leader=0, leaderEpoch=0, isr=[0], zkVersion=0, replicas=[0], offlineReplicas=[]) to brokers Set(0) for partition response_topic-0 (state.change.logger)
[2019-11-05 23:35:56,436] TRACE [Controller id=0 epoch=68] Changed state of replica 0 for partition signup_topic-0 from OnlineReplica to OnlineReplica (state.change.logger)
[2019-11-05 23:35:56,436] TRACE [Controller id=0 epoch=68] Changed state of replica 0 for partition login_topic-0 from OnlineReplica to OnlineReplica (state.change.logger)
[2019-11-05 23:35:56,436] TRACE [Controller id=0 epoch=68] Changed state of replica 0 for partition pastOrder_topic-0 from OnlineReplica to OnlineReplica (state.change.logger)
[2019-11-05 23:35:56,437] TRACE [Controller id=0 epoch=68] Changed state of replica 0 for partition response_topic-0 from OnlineReplica to OnlineReplica (state.change.logger)
[2019-11-05 23:35:56,437] TRACE [Controller id=0 epoch=68] Sending become-leader LeaderAndIsr request PartitionState(controllerEpoch=1, leader=0, leaderEpoch=0, isr=0, zkVersion=0, replicas=0, isNew=false) to broker 0 for partition signup_topic-0 (state.change.logger)
[2019-11-05 23:35:56,437] TRACE [Controller id=0 epoch=68] Sending become-leader LeaderAndIsr request PartitionState(controllerEpoch=58, leader=0, leaderEpoch=0, isr=0, zkVersion=0, replicas=0, isNew=false) to broker 0 for partition login_topic-0 (state.change.logger)
[2019-11-05 23:35:56,437] TRACE [Controller id=0 epoch=68] Sending become-leader LeaderAndIsr request PartitionState(controllerEpoch=63, leader=0, leaderEpoch=0, isr=0, zkVersion=0, replicas=0, isNew=false) to broker 0 for partition pastOrder_topic-0 (state.change.logger)
[2019-11-05 23:35:56,437] TRACE [Controller id=0 epoch=68] Sending become-leader LeaderAndIsr request PartitionState(controllerEpoch=1, leader=0, leaderEpoch=0, isr=0, zkVersion=0, replicas=0, isNew=false) to broker 0 for partition response_topic-0 (state.change.logger)
[2019-11-05 23:35:56,437] TRACE [Controller id=0 epoch=68] Sending UpdateMetadata request PartitionState(controllerEpoch=1, leader=0, leaderEpoch=0, isr=[0], zkVersion=0, replicas=[0], offlineReplicas=[]) to brokers Set(0) for partition signup_topic-0 (state.change.logger)
[2019-11-05 23:35:56,437] TRACE [Controller id=0 epoch=68] Sending UpdateMetadata request PartitionState(controllerEpoch=58, leader=0, leaderEpoch=0, isr=[0], zkVersion=0, replicas=[0], offlineReplicas=[]) to brokers Set(0) for partition login_topic-0 (state.change.logger)
[2019-11-05 23:35:56,437] TRACE [Controller id=0 epoch=68] Sending UpdateMetadata request PartitionState(controllerEpoch=63, leader=0, leaderEpoch=0, isr=[0], zkVersion=0, replicas=[0], offlineReplicas=[]) to brokers Set(0) for partition pastOrder_topic-0 (state.change.logger)
[2019-11-05 23:35:56,437] TRACE [Controller id=0 epoch=68] Sending UpdateMetadata request PartitionState(controllerEpoch=1, leader=0, leaderEpoch=0, isr=[0], zkVersion=0, replicas=[0], offlineReplicas=[]) to brokers Set(0) for partition response_topic-0 (state.change.logger)
[2019-11-05 23:39:15,609] TRACE [Controller id=0 epoch=69] Sending UpdateMetadata request PartitionState(controllerEpoch=1, leader=0, leaderEpoch=0, isr=[0], zkVersion=0, replicas=[0], offlineReplicas=[]) to brokers Set(0) for partition signup_topic-0 (state.change.logger)
[2019-11-05 23:39:15,610] TRACE [Controller id=0 epoch=69] Sending UpdateMetadata request PartitionState(controllerEpoch=58, leader=0, leaderEpoch=0, isr=[0], zkVersion=0, replicas=[0], offlineReplicas=[]) to brokers Set(0) for partition login_topic-0 (state.change.logger)
[2019-11-05 23:39:15,610] TRACE [Controller id=0 epoch=69] Sending UpdateMetadata request PartitionState(controllerEpoch=63, leader=0, leaderEpoch=0, isr=[0], zkVersion=0, replicas=[0], offlineReplicas=[]) to brokers Set(0) for partition pastOrder_topic-0 (state.change.logger)
[2019-11-05 23:39:15,610] TRACE [Controller id=0 epoch=69] Sending UpdateMetadata request PartitionState(controllerEpoch=1, leader=0, leaderEpoch=0, isr=[0], zkVersion=0, replicas=[0], offlineReplicas=[]) to brokers Set(0) for partition response_topic-0 (state.change.logger)
[2019-11-05 23:39:15,611] TRACE [Controller id=0 epoch=69] Changed state of replica 0 for partition signup_topic-0 from OnlineReplica to OnlineReplica (state.change.logger)
[2019-11-05 23:39:15,611] TRACE [Controller id=0 epoch=69] Changed state of replica 0 for partition login_topic-0 from OnlineReplica to OnlineReplica (state.change.logger)
[2019-11-05 23:39:15,611] TRACE [Controller id=0 epoch=69] Changed state of replica 0 for partition pastOrder_topic-0 from OnlineReplica to OnlineReplica (state.change.logger)
[2019-11-05 23:39:15,611] TRACE [Controller id=0 epoch=69] Changed state of replica 0 for partition response_topic-0 from OnlineReplica to OnlineReplica (state.change.logger)
[2019-11-05 23:39:15,611] TRACE [Controller id=0 epoch=69] Sending become-leader LeaderAndIsr request PartitionState(controllerEpoch=1, leader=0, leaderEpoch=0, isr=0, zkVersion=0, replicas=0, isNew=false) to broker 0 for partition signup_topic-0 (state.change.logger)
[2019-11-05 23:39:15,611] TRACE [Controller id=0 epoch=69] Sending become-leader LeaderAndIsr request PartitionState(controllerEpoch=58, leader=0, leaderEpoch=0, isr=0, zkVersion=0, replicas=0, isNew=false) to broker 0 for partition login_topic-0 (state.change.logger)
[2019-11-05 23:39:15,611] TRACE [Controller id=0 epoch=69] Sending become-leader LeaderAndIsr request PartitionState(controllerEpoch=63, leader=0, leaderEpoch=0, isr=0, zkVersion=0, replicas=0, isNew=false) to broker 0 for partition pastOrder_topic-0 (state.change.logger)
[2019-11-05 23:39:15,611] TRACE [Controller id=0 epoch=69] Sending become-leader LeaderAndIsr request PartitionState(controllerEpoch=1, leader=0, leaderEpoch=0, isr=0, zkVersion=0, replicas=0, isNew=false) to broker 0 for partition response_topic-0 (state.change.logger)
[2019-11-05 23:39:15,611] TRACE [Controller id=0 epoch=69] Sending UpdateMetadata request PartitionState(controllerEpoch=1, leader=0, leaderEpoch=0, isr=[0], zkVersion=0, replicas=[0], offlineReplicas=[]) to brokers Set(0) for partition signup_topic-0 (state.change.logger)
[2019-11-05 23:39:15,612] TRACE [Controller id=0 epoch=69] Sending UpdateMetadata request PartitionState(controllerEpoch=58, leader=0, leaderEpoch=0, isr=[0], zkVersion=0, replicas=[0], offlineReplicas=[]) to brokers Set(0) for partition login_topic-0 (state.change.logger)
[2019-11-05 23:39:15,612] TRACE [Controller id=0 epoch=69] Sending UpdateMetadata request PartitionState(controllerEpoch=63, leader=0, leaderEpoch=0, isr=[0], zkVersion=0, replicas=[0], offlineReplicas=[]) to brokers Set(0) for partition pastOrder_topic-0 (state.change.logger)
[2019-11-05 23:39:15,612] TRACE [Controller id=0 epoch=69] Sending UpdateMetadata request PartitionState(controllerEpoch=1, leader=0, leaderEpoch=0, isr=[0], zkVersion=0, replicas=[0], offlineReplicas=[]) to brokers Set(0) for partition response_topic-0 (state.change.logger)
